<?xml version="1.0" encoding="UTF-8"?>
<!-- Generated by org.testng.reporters.JUnitReportReporter -->
<testsuite hostname="DESKTOP-L3R15EB" failures="0" tests="4" name="Project.BanjaraRideTesting" time="554.381" errors="0" timestamp="2024-02-21T02:26:08 IST" skipped="0">
  <testcase classname="Project.BanjaraRideTesting" name="Hire_Bike" time="156.145"/>
  <system-out/>
  <testcase classname="Project.BanjaraRideTesting" name="activa" time="100.801"/>
  <system-out/>
  <testcase classname="Project.BanjaraRideTesting" name="FeedBack" time="110.295"/>
  <system-out/>
  <testcase classname="Project.BanjaraRideTesting" name="Form" time="187.140"/>
  <system-out/>
</testsuite> <!-- Project.BanjaraRideTesting -->
